<?xml version="1.0" encoding="UTF-8"?>
<!-- Generated by org.testng.reporters.JUnitReportReporter -->
<testsuite skipped="0" hostname="DESKTOP-8B60BQ6" name="Academy.HomePage" tests="2" failures="0" timestamp="17 Jul 2019 17:12:29 GMT" time="36.647" errors="0">
  <testcase name="basePageNavigation" time="14.230" classname="Academy.HomePage"/>
  <testcase name="basePageNavigation" time="22.417" classname="Academy.HomePage"/>
</testsuite> <!-- Academy.HomePage -->
