<?xml version="1.0" encoding="UTF-8"?>
<!-- Generated by org.testng.reporters.JUnitReportReporter -->
<testsuite skipped="0" hostname="DESKTOP-8B60BQ6" name="Academy.validateNavigationBar" tests="1" failures="0" timestamp="17 Jul 2019 17:12:29 GMT" time="0.306" errors="0">
  <testcase name="basePageNavigation" time="0.306" classname="Academy.validateNavigationBar"/>
</testsuite> <!-- Academy.validateNavigationBar -->
