<?xml version="1.0" encoding="UTF-8"?>
<!-- Generated by org.testng.reporters.JUnitReportReporter -->
<testsuite skipped="0" hostname="DESKTOP-8B60BQ6" name="Academy.validateTitle" tests="1" failures="0" timestamp="17 Jul 2019 17:12:29 GMT" time="0.315" errors="0">
  <testcase name="basePageNavigation" time="0.315" classname="Academy.validateTitle"/>
</testsuite> <!-- Academy.validateTitle -->
